<?xml version="1.0" encoding="UTF-8"?>
<!-- Generated by org.testng.reporters.JUnitReportReporter -->
<testsuite skipped="0" hostname="LAPTOP-2CUQSPR5" name="Cases.Module2TestCases" tests="2" failures="0" timestamp="2021-12-12T20:03:10 IST" time="35.367" errors="0">
  <testcase name="Module2_Test1" time="12.571" classname="Cases.Module2TestCases"/>
  <system-out/>
  <testcase name="Module2_Test2" time="22.796" classname="Cases.Module2TestCases"/>
  <system-out/>
</testsuite> <!-- Cases.Module2TestCases -->
