<?xml version="1.0" encoding="UTF-8"?>
<!-- Generated by org.testng.reporters.JUnitReportReporter -->
<testsuite skipped="0" hostname="LAPTOP-2CUQSPR5" name="Cases.Module1" tests="2" failures="0" timestamp="2021-12-09T22:00:16 IST" time="15.497" errors="0">
  <testcase name="Module1_Test1" time="10.183" classname="Cases.Module1"/>
  <system-out/>
  <testcase name="Module1_Test2" time="5.314" classname="Cases.Module1"/>
  <system-out/>
</testsuite> <!-- Cases.Module1 -->
