<?xml version="1.0" encoding="UTF-8"?>
<!-- Generated by org.testng.reporters.JUnitReportReporter -->
<testsuite skipped="0" hostname="LAPTOP-2CUQSPR5" name="Cases.Module2" tests="2" failures="0" timestamp="2021-12-09T22:00:16 IST" time="11.439" errors="0">
  <testcase name="Module2_Test1" time="5.730" classname="Cases.Module2"/>
  <system-out/>
  <testcase name="Module2_Test2" time="5.709" classname="Cases.Module2"/>
  <system-out/>
</testsuite> <!-- Cases.Module2 -->
