<?xml version="1.0" encoding="UTF-8"?>
<!-- Generated by org.testng.reporters.JUnitReportReporter -->
<testsuite skipped="0" hostname="LAPTOP-2CUQSPR5" name="dummy.dummy" tests="1" failures="0" timestamp="2021-12-11T21:55:38 IST" time="2.437" errors="0">
  <testcase name="Das" time="2.437" classname="dummy.dummy"/>
  <system-out/>
</testsuite> <!-- dummy.dummy -->
