<?xml version="1.0" encoding="UTF-8"?>
<!-- Generated by org.testng.reporters.JUnitReportReporter -->
<testsuite skipped="0" hostname="LAPTOP-2CUQSPR5" name="Cases.Module1TestCases" tests="2" failures="0" timestamp="2021-12-10T09:17:47 IST" time="21.501" errors="0">
  <testcase name="Module1_Test1" time="10.551" classname="Cases.Module1TestCases"/>
  <system-out/>
  <testcase name="Module1_Test2" time="10.950" classname="Cases.Module1TestCases"/>
  <system-out/>
</testsuite> <!-- Cases.Module1TestCases -->
