<?xml version="1.0" encoding="UTF-8"?>
<!-- Generated by org.testng.reporters.JUnitReportReporter -->
<testsuite skipped="0" hostname="LAPTOP-2CUQSPR5" name="Cases.Module1TestCases" tests="2" failures="0" timestamp="2021-12-10T10:56:54 IST" time="21.352" errors="0">
  <testcase name="Module1_Test2" time="12.153" classname="Cases.Module1TestCases"/>
  <system-out/>
  <testcase name="Module1_Test1" time="9.199" classname="Cases.Module1TestCases"/>
  <system-out/>
</testsuite> <!-- Cases.Module1TestCases -->
