<?xml version="1.0" encoding="UTF-8"?>
<!-- Generated by org.testng.reporters.JUnitReportReporter -->
<testsuite skipped="0" hostname="LAPTOP-2CUQSPR5" name="dummy.dummy" tests="1" failures="0" timestamp="2021-12-10T21:25:50 IST" time="1.919" errors="0">
  <testcase name="Das" time="1.919" classname="dummy.dummy"/>
  <system-out/>
</testsuite> <!-- dummy.dummy -->
