<?xml version="1.0" encoding="UTF-8"?>
<!-- Generated by org.testng.reporters.JUnitReportReporter -->
<testsuite skipped="0" hostname="LAPTOP-2CUQSPR5" name="Cases.Module2TestCases" tests="2" failures="0" timestamp="2021-12-10T10:56:54 IST" time="23.842" errors="0">
  <testcase name="Module2_Test1" time="14.676" classname="Cases.Module2TestCases"/>
  <system-out/>
  <testcase name="Module2_Test2" time="9.166" classname="Cases.Module2TestCases"/>
  <system-out/>
</testsuite> <!-- Cases.Module2TestCases -->
